
 Warning,  has uexpected file extention,  New Text Document.txt,  2016-11-15 01:37:28
 
New Text Document.txt
Exception Type
IOException

Massage
Cannot create a file when that file already exists.


Stack Trace
   at System.IO.__Error.WinIOError(Int32 errorCode, String maybeFullPath)
   at System.IO.__Error.WinIOError()
   at System.IO.File.InternalMove(String sourceFileName, String destFileName, Boolean checkHost)
   at System.IO.File.Move(String sourceFileName, String destFileName)
   at FileManager.FolderMonitor.Watcher_Created(Object sender, FileSystemEventArgs e) in C:\Users\Galust\Source\Repos\Teamproject\FileManager\FolderMonitor.cs:line 57

, 2016-11-15 02:19:21
 Info,  Json success,  125512934.csv,  2016-11-15 02:19:39
 Info,  DB success,  125512934.csv,  2016-11-15 02:19:41
 Info,  Json success,  023453076.csv,  2016-11-15 02:37:40
 
023453076.csv
Exception Type
OutOfMemoryException

Massage
Exception of type 'System.OutOfMemoryException' was thrown.

Stack Trace
   at DataManager.DataUpdater.UpdateData(Dictionary`2 teamsD) in C:\Users\Galust\Source\Repos\Teamproject\DataManager\DataUpdater.cs:line 36
   at FileManager.CsvParser.CSVFileReader(String direction) in C:\Users\Galust\Source\Repos\Teamproject\FileManager\CsvParser.cs:line 140

, 2016-11-15 02:37:55
 Info,  Json success,  023453076.csv,  2016-11-15 02:39:11
 
023453076.csv
Exception Type
OutOfMemoryException

Massage
Exception of type 'System.OutOfMemoryException' was thrown.

Stack Trace
   at DataManager.DataUpdater.UpdateData(Dictionary`2 teamsD) in C:\Users\Galust\Source\Repos\Teamproject\DataManager\DataUpdater.cs:line 36
   at FileManager.CsvParser.CSVFileReader(String direction) in C:\Users\Galust\Source\Repos\Teamproject\FileManager\CsvParser.cs:line 140

, 2016-11-15 02:39:25
 Info,  Json success,  023426365.csv,  2016-11-15 02:41:52
 
023426365.csv
Exception Type
OutOfMemoryException

Massage
Exception of type 'System.OutOfMemoryException' was thrown.

Stack Trace
   at DataManager.DataUpdater.UpdateData(Dictionary`2 teamsD) in C:\Users\Galust\Source\Repos\Teamproject\DataManager\DataUpdater.cs:line 36
   at FileManager.CsvParser.CSVFileReader(String direction) in C:\Users\Galust\Source\Repos\Teamproject\FileManager\CsvParser.cs:line 140

, 2016-11-15 02:42:06
 Info,   was moved to Wrong Files folder,  023426365.csv,  2016-11-15 02:42:06
 Info,  Json success,  125510985.csv,  2016-11-15 04:24:59
 Info,  DB success,  125510985.csv,  2016-11-15 04:25:01
 Info,  Json success,  023426365.csv,  2016-11-15 04:25:34
 Info,  Json success,  043005154.csv,  2016-11-15 04:54:05
